[debug] [2023-01-22T07:51:08.949Z] ----------------------------------------------------------------------
[debug] [2023-01-22T07:51:08.951Z] Command:       C:\Program Files\nodejs\node.exe C:\Users\hossa\AppData\Roaming\npm\node_modules\firebase-tools\lib\bin\firebase.js init
[debug] [2023-01-22T07:51:08.952Z] CLI Version:   11.4.0
[debug] [2023-01-22T07:51:08.952Z] Platform:      win32
[debug] [2023-01-22T07:51:08.952Z] Node Version:  v16.15.1
[debug] [2023-01-22T07:51:08.953Z] Time:          Sun Jan 22 2023 09:51:08 GMT+0200 (Eastern European Standard Time)
[debug] [2023-01-22T07:51:08.953Z] ----------------------------------------------------------------------
[debug] 
[debug] [2023-01-22T07:51:09.129Z] > command requires scopes: ["email","openid","https://www.googleapis.com/auth/cloudplatformprojects.readonly","https://www.googleapis.com/auth/firebase","https://www.googleapis.com/auth/cloud-platform"]
[debug] [2023-01-22T07:51:09.130Z] > authorizing via signed-in user (hossamg122@gmail.com)
[info] 
     ######## #### ########  ######## ########     ###     ######  ########
     ##        ##  ##     ## ##       ##     ##  ##   ##  ##       ##
     ######    ##  ########  ######   ########  #########  ######  ######
     ##        ##  ##    ##  ##       ##     ## ##     ##       ## ##
     ##       #### ##     ## ######## ########  ##     ##  ######  ########

You're about to initialize a Firebase project in this directory:

  C:\Users\hossa\projects\secret-message

Before we get started, keep in mind:

  * You are initializing within an existing Firebase project directory

[info] 
=== Project Setup
[info] 
[info] First, let's associate this project directory with a Firebase project.
[info] You can create multiple project aliases by running firebase use --add, 
[info] but for now we'll just set up a default project.
[info] 
[debug] [2023-01-22T07:51:13.932Z] Using project from CLI flag: secret-messanger
[debug] [2023-01-22T07:51:13.934Z] >>> [apiv2][query] GET https://firebase.googleapis.com/v1beta1/projects/secret-messanger [none]
[debug] [2023-01-22T07:51:14.395Z] <<< [apiv2][status] GET https://firebase.googleapis.com/v1beta1/projects/secret-messanger 200
[debug] [2023-01-22T07:51:14.395Z] <<< [apiv2][body] GET https://firebase.googleapis.com/v1beta1/projects/secret-messanger {"projectId":"secret-messanger","projectNumber":"244714396338","displayName":"secret-messanger","name":"projects/secret-messanger","resources":{"hostingSite":"secret-messanger"},"state":"ACTIVE","etag":"1_ae7d71a5-8578-467a-ac19-9abe4a99aaa1"}
[info] i  Using project secret-messanger (secret-messanger) 
[info] 
=== Hosting Setup
[info] 
[info] Your public directory is the folder (relative to your project directory) that
[info] will contain Hosting assets to be uploaded with firebase deploy. If you
[info] have a build process for your assets, use your build's output directory.
[info] 
[debug] [2023-01-22T08:08:19.570Z] Error: kill ENOSYS
    at process.kill (node:internal/process/per_thread:220:13)
    at process.listener (C:\Users\hossa\AppData\Roaming\npm\node_modules\firebase-tools\node_modules\signal-exit\index.js:95:15)
    at process.emit (node:events:527:28)
[error] 
[error] Error: An unexpected error has occurred.
